<?xml version="1.0" encoding="UTF-8"?>
<!-- Generated by org.testng.reporters.JUnitXMLReporter -->
<testsuite hostname="NgocLM" name="Command line test" tests="4" failures="0" timestamp="8 Feb 2017 22:30:52 GMT" time="4.826" errors="0">
  <testcase name="testForTask1" time="0.032" classname="com.sentifi.test.quandl.unittest.QuandlProcessorTest"/>
  <testcase name="testForTask2" time="0.009" classname="com.sentifi.test.quandl.unittest.QuandlProcessorTest"/>
  <testcase name="testForTask3" time="0.006" classname="com.sentifi.test.quandl.unittest.QuandlProcessorTest"/>
  <testcase name="testForTask4" time="0.001" classname="com.sentifi.test.quandl.unittest.QuandlProcessorTest"/>
</testsuite> <!-- Command line test -->
